{"name": "test_right_click", "status": "broken", "statusDetails": {"message": "selenium.common.exceptions.TimeoutException: Message: \nStacktrace:\n0   chromedriver                        0x000000010323fac4 cxxbridge1$str$ptr + 3651580\n1   chromedriver                        0x0000000103238314 cxxbridge1$str$ptr + 3620940\n2   chromedriver                        0x0000000102ca04b4 cxxbridge1$string$len + 89224\n3   chromedriver                        0x0000000102ce4898 cxxbridge1$string$len + 368748\n4   chromedriver                        0x0000000102d1e0fc cxxbridge1$string$len + 604368\n5   chromedriver                        0x0000000102cd90b0 cxxbridge1$string$len + 321668\n6   chromedriver                        0x0000000102cd9d00 cxxbridge1$string$len + 324820\n7   chromedriver                        0x000000010320ae08 cxxbridge1$str$ptr + 3435328\n8   chromedriver                        0x000000010320e120 cxxbridge1$str$ptr + 3448408\n9   chromedriver                        0x00000001031f217c cxxbridge1$str$ptr + 3333812\n10  chromedriver                        0x000000010320e9e0 cxxbridge1$str$ptr + 3450648\n11  chromedriver                        0x00000001031e3988 cxxbridge1$str$ptr + 3274432\n12  chromedriver                        0x00000001032290f4 cxxbridge1$str$ptr + 3558956\n13  chromedriver                        0x0000000103229270 cxxbridge1$str$ptr + 3559336\n14  chromedriver                        0x0000000103237f88 cxxbridge1$str$ptr + 3620032\n15  libsystem_pthread.dylib             0x000000018bca826c _pthread_start + 148\n16  libsystem_pthread.dylib             0x000000018bca308c thread_start + 8", "trace": "self = <tests.test_buttons.TestButtonsPage object at 0x1059d8410>\ndriver = <selenium.webdriver.chrome.webdriver.WebDriver (session=\"8d9c2149cd6181201a2ac8fa26f60cfc\")>\n\n    def test_right_click(self, driver):\n        page = ButtonsPage(driver, self.url.demoqa_buttons_url)\n        page.open()\n>       text = page.right_click_btn()\n\ntests/test_buttons.py:19: \n_ _ _ _ _ _ _ _ _ _ _ _ _ _ _ _ _ _ _ _ _ _ _ _ _ _ _ _ _ _ _ _ _ _ _ _ _ _ _ _ _ _ _ _ _ _ _ _ _ _ _ _ _ _ _ _ _ _ _ _ _ _ _ _ _ _ \npages/buttons_page.py:18: in right_click_btn\n    text = self.element_is_visible(self.locators.RIGHT_CLICK_TEXT_LOC).text\npages/base_page.py:17: in element_is_visible\n    return wait(self.driver, timeout=timeout).until(EC.visibility_of_element_located(locator))\n_ _ _ _ _ _ _ _ _ _ _ _ _ _ _ _ _ _ _ _ _ _ _ _ _ _ _ _ _ _ _ _ _ _ _ _ _ _ _ _ _ _ _ _ _ _ _ _ _ _ _ _ _ _ _ _ _ _ _ _ _ _ _ _ _ _ \n\nself = <selenium.webdriver.support.wait.WebDriverWait (session=\"8d9c2149cd6181201a2ac8fa26f60cfc\")>\nmethod = <function visibility_of_element_located.<locals>._predicate at 0x1059e8f40>, message = ''\n\n    def until(self, method: Callable[[D], Union[Literal[False], T]], message: str = \"\") -> T:\n        \"\"\"Calls the method provided with the driver as an argument until the \\\n        return value does not evaluate to ``False``.\n    \n        :param method: callable(WebDriver)\n        :param message: optional message for :exc:`TimeoutException`\n        :returns: the result of the last call to `method`\n        :raises: :exc:`selenium.common.exceptions.TimeoutException` if timeout occurs\n        \"\"\"\n        screen = None\n        stacktrace = None\n    \n        end_time = time.monotonic() + self._timeout\n        while True:\n            try:\n                value = method(self._driver)\n                if value:\n                    return value\n            except self._ignored_exceptions as exc:\n                screen = getattr(exc, \"screen\", None)\n                stacktrace = getattr(exc, \"stacktrace\", None)\n            if time.monotonic() > end_time:\n                break\n            time.sleep(self._poll)\n>       raise TimeoutException(message, screen, stacktrace)\nE       selenium.common.exceptions.TimeoutException: Message: \nE       Stacktrace:\nE       0   chromedriver                        0x000000010323fac4 cxxbridge1$str$ptr + 3651580\nE       1   chromedriver                        0x0000000103238314 cxxbridge1$str$ptr + 3620940\nE       2   chromedriver                        0x0000000102ca04b4 cxxbridge1$string$len + 89224\nE       3   chromedriver                        0x0000000102ce4898 cxxbridge1$string$len + 368748\nE       4   chromedriver                        0x0000000102d1e0fc cxxbridge1$string$len + 604368\nE       5   chromedriver                        0x0000000102cd90b0 cxxbridge1$string$len + 321668\nE       6   chromedriver                        0x0000000102cd9d00 cxxbridge1$string$len + 324820\nE       7   chromedriver                        0x000000010320ae08 cxxbridge1$str$ptr + 3435328\nE       8   chromedriver                        0x000000010320e120 cxxbridge1$str$ptr + 3448408\nE       9   chromedriver                        0x00000001031f217c cxxbridge1$str$ptr + 3333812\nE       10  chromedriver                        0x000000010320e9e0 cxxbridge1$str$ptr + 3450648\nE       11  chromedriver                        0x00000001031e3988 cxxbridge1$str$ptr + 3274432\nE       12  chromedriver                        0x00000001032290f4 cxxbridge1$str$ptr + 3558956\nE       13  chromedriver                        0x0000000103229270 cxxbridge1$str$ptr + 3559336\nE       14  chromedriver                        0x0000000103237f88 cxxbridge1$str$ptr + 3620032\nE       15  libsystem_pthread.dylib             0x000000018bca826c _pthread_start + 148\nE       16  libsystem_pthread.dylib             0x000000018bca308c thread_start + 8\n\n.venv/lib/python3.12/site-packages/selenium/webdriver/support/wait.py:105: TimeoutException"}, "start": 1732396156654, "stop": 1732396174629, "uuid": "44af3d63-e278-43c6-abee-07eb0393570c", "historyId": "04bfb776318ffca65865f1ac62b6310c", "testCaseId": "04bfb776318ffca65865f1ac62b6310c", "fullName": "tests.test_buttons.TestButtonsPage#test_right_click", "labels": [{"name": "parentSuite", "value": "tests"}, {"name": "suite", "value": "test_buttons"}, {"name": "subSuite", "value": "TestButtonsPage"}, {"name": "host", "value": "Lilianas-MacBook-Air.local"}, {"name": "thread", "value": "72322-MainThread"}, {"name": "framework", "value": "pytest"}, {"name": "language", "value": "cpython3"}, {"name": "package", "value": "tests.test_buttons"}]}